[2021-11-28 22:53:13][factory.py][factory][_find_provider_class][98][DEBUG]Looking for locale `zh_CN` in provider `faker.providers.address`.
[2021-11-28 22:53:13][factory.py][factory][_find_provider_class][117][DEBUG]Provider `faker.providers.address` has been localized to `zh_CN`.
[2021-11-28 22:53:13][factory.py][factory][_find_provider_class][98][DEBUG]Looking for locale `zh_CN` in provider `faker.providers.automotive`.
[2021-11-28 22:53:13][factory.py][factory][_find_provider_class][111][DEBUG]Specified locale `zh_CN` is not available for provider `faker.providers.automotive`. Locale reset to `en_US` for this provider.
[2021-11-28 22:53:13][factory.py][factory][_find_provider_class][98][DEBUG]Looking for locale `zh_CN` in provider `faker.providers.bank`.
[2021-11-28 22:53:13][factory.py][factory][_find_provider_class][111][DEBUG]Specified locale `zh_CN` is not available for provider `faker.providers.bank`. Locale reset to `en_GB` for this provider.
[2021-11-28 22:53:13][factory.py][factory][_find_provider_class][98][DEBUG]Looking for locale `zh_CN` in provider `faker.providers.barcode`.
[2021-11-28 22:53:13][factory.py][factory][_find_provider_class][111][DEBUG]Specified locale `zh_CN` is not available for provider `faker.providers.barcode`. Locale reset to `en_US` for this provider.
[2021-11-28 22:53:13][factory.py][factory][_find_provider_class][98][DEBUG]Looking for locale `zh_CN` in provider `faker.providers.color`.
[2021-11-28 22:53:13][factory.py][factory][_find_provider_class][111][DEBUG]Specified locale `zh_CN` is not available for provider `faker.providers.color`. Locale reset to `en_US` for this provider.
[2021-11-28 22:53:13][factory.py][factory][_find_provider_class][98][DEBUG]Looking for locale `zh_CN` in provider `faker.providers.company`.
[2021-11-28 22:53:13][factory.py][factory][_find_provider_class][117][DEBUG]Provider `faker.providers.company` has been localized to `zh_CN`.
[2021-11-28 22:53:13][factory.py][factory][_find_provider_class][98][DEBUG]Looking for locale `zh_CN` in provider `faker.providers.credit_card`.
[2021-11-28 22:53:13][factory.py][factory][_find_provider_class][111][DEBUG]Specified locale `zh_CN` is not available for provider `faker.providers.credit_card`. Locale reset to `en_US` for this provider.
[2021-11-28 22:53:13][factory.py][factory][_find_provider_class][98][DEBUG]Looking for locale `zh_CN` in provider `faker.providers.currency`.
[2021-11-28 22:53:13][factory.py][factory][_find_provider_class][111][DEBUG]Specified locale `zh_CN` is not available for provider `faker.providers.currency`. Locale reset to `en_US` for this provider.
[2021-11-28 22:53:13][factory.py][factory][_find_provider_class][98][DEBUG]Looking for locale `zh_CN` in provider `faker.providers.date_time`.
[2021-11-28 22:53:13][factory.py][factory][_find_provider_class][111][DEBUG]Specified locale `zh_CN` is not available for provider `faker.providers.date_time`. Locale reset to `en_US` for this provider.
[2021-11-28 22:53:13][factory.py][factory][_find_provider_class][130][DEBUG]Provider `faker.providers.file` does not feature localization. Specified locale `zh_CN` is not utilized for this provider.
[2021-11-28 22:53:13][factory.py][factory][_find_provider_class][98][DEBUG]Looking for locale `zh_CN` in provider `faker.providers.geo`.
[2021-11-28 22:53:13][factory.py][factory][_find_provider_class][111][DEBUG]Specified locale `zh_CN` is not available for provider `faker.providers.geo`. Locale reset to `en_US` for this provider.
[2021-11-28 22:53:13][factory.py][factory][_find_provider_class][98][DEBUG]Looking for locale `zh_CN` in provider `faker.providers.internet`.
[2021-11-28 22:53:13][factory.py][factory][_find_provider_class][117][DEBUG]Provider `faker.providers.internet` has been localized to `zh_CN`.
[2021-11-28 22:53:13][factory.py][factory][_find_provider_class][130][DEBUG]Provider `faker.providers.isbn` does not feature localization. Specified locale `zh_CN` is not utilized for this provider.
[2021-11-28 22:53:13][factory.py][factory][_find_provider_class][98][DEBUG]Looking for locale `zh_CN` in provider `faker.providers.job`.
[2021-11-28 22:53:13][factory.py][factory][_find_provider_class][117][DEBUG]Provider `faker.providers.job` has been localized to `zh_CN`.
[2021-11-28 22:53:13][factory.py][factory][_find_provider_class][98][DEBUG]Looking for locale `zh_CN` in provider `faker.providers.lorem`.
[2021-11-28 22:53:13][factory.py][factory][_find_provider_class][117][DEBUG]Provider `faker.providers.lorem` has been localized to `zh_CN`.
[2021-11-28 22:53:13][factory.py][factory][_find_provider_class][98][DEBUG]Looking for locale `zh_CN` in provider `faker.providers.misc`.
[2021-11-28 22:53:13][factory.py][factory][_find_provider_class][111][DEBUG]Specified locale `zh_CN` is not available for provider `faker.providers.misc`. Locale reset to `en_US` for this provider.
[2021-11-28 22:53:13][factory.py][factory][_find_provider_class][98][DEBUG]Looking for locale `zh_CN` in provider `faker.providers.person`.
[2021-11-28 22:53:13][factory.py][factory][_find_provider_class][117][DEBUG]Provider `faker.providers.person` has been localized to `zh_CN`.
[2021-11-28 22:53:13][factory.py][factory][_find_provider_class][98][DEBUG]Looking for locale `zh_CN` in provider `faker.providers.phone_number`.
[2021-11-28 22:53:13][factory.py][factory][_find_provider_class][117][DEBUG]Provider `faker.providers.phone_number` has been localized to `zh_CN`.
[2021-11-28 22:53:13][factory.py][factory][_find_provider_class][130][DEBUG]Provider `faker.providers.profile` does not feature localization. Specified locale `zh_CN` is not utilized for this provider.
[2021-11-28 22:53:13][factory.py][factory][_find_provider_class][130][DEBUG]Provider `faker.providers.python` does not feature localization. Specified locale `zh_CN` is not utilized for this provider.
[2021-11-28 22:53:13][factory.py][factory][_find_provider_class][98][DEBUG]Looking for locale `zh_CN` in provider `faker.providers.ssn`.
[2021-11-28 22:53:13][factory.py][factory][_find_provider_class][117][DEBUG]Provider `faker.providers.ssn` has been localized to `zh_CN`.
[2021-11-28 22:53:13][factory.py][factory][_find_provider_class][130][DEBUG]Provider `faker.providers.user_agent` does not feature localization. Specified locale `zh_CN` is not utilized for this provider.
